<?xml version="1.0" encoding="UTF-8"?>
<testsuite name="MainClassTest" tests="1" skipped="0" failures="0" errors="0" timestamp="2019-08-23T15:30:05" hostname="N1443" time="0.0">
  <properties/>
  <testcase name="testGetLocalNumber" classname="MainClassTest" time="0.0"/>
  <system-out><![CDATA[]]></system-out>
  <system-err><![CDATA[]]></system-err>
</testsuite>
